11-Aug-19 12:04:54 - root - INFO - Using feature sets: ['gps_base', 'core_feats']
11-Aug-19 12:05:04 - root - INFO - LGB parameters:
11-Aug-19 12:05:04 - root - INFO -      objective:regression
11-Aug-19 12:05:04 - root - INFO -      metric:mae
11-Aug-19 12:05:04 - root - INFO -      verbosity:-1
11-Aug-19 12:05:04 - root - INFO -      boosting_type:gbdt
11-Aug-19 12:05:04 - root - INFO -      learning_rate:0.05
11-Aug-19 12:05:04 - root - INFO -      num_leaves:64
11-Aug-19 12:05:04 - root - INFO -      min_child_samples:80
11-Aug-19 12:05:04 - root - INFO -      n_estimators:50
11-Aug-19 12:05:04 - root - INFO -      n_jobs:-1
11-Aug-19 12:05:04 - root - INFO - CV params:
11-Aug-19 12:05:04 - root - INFO -      test_size: 0.20
11-Aug-19 12:05:04 - root - INFO - 1JHC features used:
11-Aug-19 12:05:04 - root - INFO -      d0_1
11-Aug-19 12:05:04 - root - INFO -      d0_2
11-Aug-19 12:05:04 - root - INFO -      d0_3
11-Aug-19 12:05:04 - root - INFO -      d1_2
11-Aug-19 12:05:04 - root - INFO -      d1_3
11-Aug-19 12:05:04 - root - INFO -      d2_3
11-Aug-19 12:05:04 - root - INFO -      d4_0
11-Aug-19 12:05:04 - root - INFO -      d4_1
11-Aug-19 12:05:04 - root - INFO -      d4_2
11-Aug-19 12:05:04 - root - INFO -      d4_3
11-Aug-19 12:05:04 - root - INFO -      d5_0
11-Aug-19 12:05:04 - root - INFO -      d5_1
11-Aug-19 12:05:04 - root - INFO -      d5_2
11-Aug-19 12:05:04 - root - INFO -      d5_3
11-Aug-19 12:05:04 - root - INFO -      d6_0
11-Aug-19 12:05:04 - root - INFO -      d6_1
11-Aug-19 12:05:04 - root - INFO -      d6_2
11-Aug-19 12:05:04 - root - INFO -      d6_3
11-Aug-19 12:05:04 - root - INFO -      d7_0
11-Aug-19 12:05:04 - root - INFO -      d7_1
11-Aug-19 12:05:04 - root - INFO -      d7_2
11-Aug-19 12:05:04 - root - INFO -      d7_3
11-Aug-19 12:05:04 - root - INFO -      d8_0
11-Aug-19 12:05:04 - root - INFO -      d8_1
11-Aug-19 12:05:04 - root - INFO -      d8_2
11-Aug-19 12:05:04 - root - INFO -      d8_3
11-Aug-19 12:05:04 - root - INFO -      d9_0
11-Aug-19 12:05:04 - root - INFO -      d9_1
11-Aug-19 12:05:04 - root - INFO -      d9_2
11-Aug-19 12:05:04 - root - INFO -      d9_3
