11-Aug-19 11:24:14 - root - INFO - Using feature sets: ['gps_base', 'core_feats']
11-Aug-19 11:24:24 - root - INFO - LGB parameters:
11-Aug-19 11:24:24 - root - INFO -      objective:regression
11-Aug-19 11:24:24 - root - INFO -      metric:mae
11-Aug-19 11:24:24 - root - INFO -      verbosity:-1
11-Aug-19 11:24:24 - root - INFO -      boosting_type:gbdt
11-Aug-19 11:24:24 - root - INFO -      learning_rate:0.05
11-Aug-19 11:24:24 - root - INFO -      num_leaves:64
11-Aug-19 11:24:24 - root - INFO -      min_child_samples:80
11-Aug-19 11:24:24 - root - INFO -      n_estimators:200
11-Aug-19 11:24:24 - root - INFO -      n_jobs:-1
11-Aug-19 11:24:24 - root - INFO - CV params:
11-Aug-19 11:24:24 - root - INFO -      test_size: 0.20
11-Aug-19 11:24:24 - root - INFO - 1JHC features used:
11-Aug-19 11:24:24 - root - INFO -      d0_1
11-Aug-19 11:24:24 - root - INFO -      d0_2
11-Aug-19 11:24:24 - root - INFO -      d0_3
11-Aug-19 11:24:24 - root - INFO -      d1_2
11-Aug-19 11:24:24 - root - INFO -      d1_3
11-Aug-19 11:24:24 - root - INFO -      d2_3
11-Aug-19 11:24:24 - root - INFO -      d4_0
11-Aug-19 11:24:24 - root - INFO -      d4_1
11-Aug-19 11:24:24 - root - INFO -      d4_2
11-Aug-19 11:24:24 - root - INFO -      d4_3
11-Aug-19 11:24:24 - root - INFO -      d5_0
11-Aug-19 11:24:24 - root - INFO -      d5_1
11-Aug-19 11:24:24 - root - INFO -      d5_2
11-Aug-19 11:24:24 - root - INFO -      d5_3
11-Aug-19 11:24:24 - root - INFO -      d6_0
11-Aug-19 11:24:24 - root - INFO -      d6_1
11-Aug-19 11:24:24 - root - INFO -      d6_2
11-Aug-19 11:24:24 - root - INFO -      d6_3
11-Aug-19 11:24:24 - root - INFO -      d7_0
11-Aug-19 11:24:24 - root - INFO -      d7_1
11-Aug-19 11:24:24 - root - INFO -      d7_2
11-Aug-19 11:24:24 - root - INFO -      d7_3
11-Aug-19 11:24:24 - root - INFO -      d8_0
11-Aug-19 11:24:24 - root - INFO -      d8_1
11-Aug-19 11:24:24 - root - INFO -      d8_2
11-Aug-19 11:24:24 - root - INFO -      d8_3
11-Aug-19 11:24:24 - root - INFO -      d9_0
11-Aug-19 11:24:24 - root - INFO -      d9_1
11-Aug-19 11:24:24 - root - INFO -      d9_2
11-Aug-19 11:24:24 - root - INFO -      d9_3
11-Aug-19 11:24:36 - root - INFO - 2JHH features used:
11-Aug-19 11:24:36 - root - INFO -      d0_1
11-Aug-19 11:24:36 - root - INFO -      d0_2
11-Aug-19 11:24:36 - root - INFO -      d0_3
11-Aug-19 11:24:36 - root - INFO -      d1_2
11-Aug-19 11:24:36 - root - INFO -      d1_3
11-Aug-19 11:24:36 - root - INFO -      d2_3
11-Aug-19 11:24:36 - root - INFO -      d4_0
11-Aug-19 11:24:36 - root - INFO -      d4_1
11-Aug-19 11:24:36 - root - INFO -      d4_2
11-Aug-19 11:24:36 - root - INFO -      d4_3
11-Aug-19 11:24:36 - root - INFO -      d5_0
11-Aug-19 11:24:36 - root - INFO -      d5_1
11-Aug-19 11:24:36 - root - INFO -      d5_2
11-Aug-19 11:24:36 - root - INFO -      d5_3
11-Aug-19 11:24:36 - root - INFO -      d6_0
11-Aug-19 11:24:36 - root - INFO -      d6_1
11-Aug-19 11:24:36 - root - INFO -      d6_2
11-Aug-19 11:24:36 - root - INFO -      d6_3
11-Aug-19 11:24:36 - root - INFO -      d7_0
11-Aug-19 11:24:36 - root - INFO -      d7_1
11-Aug-19 11:24:36 - root - INFO -      d7_2
11-Aug-19 11:24:36 - root - INFO -      d7_3
11-Aug-19 11:24:36 - root - INFO -      d8_0
11-Aug-19 11:24:36 - root - INFO -      d8_1
11-Aug-19 11:24:36 - root - INFO -      d8_2
11-Aug-19 11:24:36 - root - INFO -      d8_3
11-Aug-19 11:24:36 - root - INFO -      d9_0
11-Aug-19 11:24:36 - root - INFO -      d9_1
11-Aug-19 11:24:36 - root - INFO -      d9_2
11-Aug-19 11:24:36 - root - INFO -      d9_3
11-Aug-19 11:24:36 - root - INFO -      angle_2J
11-Aug-19 11:24:42 - root - INFO - 1JHN features used:
11-Aug-19 11:24:42 - root - INFO -      d0_1
11-Aug-19 11:24:42 - root - INFO -      d0_2
11-Aug-19 11:24:42 - root - INFO -      d0_3
11-Aug-19 11:24:42 - root - INFO -      d1_2
11-Aug-19 11:24:42 - root - INFO -      d1_3
11-Aug-19 11:24:42 - root - INFO -      d2_3
11-Aug-19 11:24:42 - root - INFO -      d4_0
11-Aug-19 11:24:42 - root - INFO -      d4_1
11-Aug-19 11:24:42 - root - INFO -      d4_2
11-Aug-19 11:24:42 - root - INFO -      d4_3
11-Aug-19 11:24:42 - root - INFO -      d5_0
11-Aug-19 11:24:42 - root - INFO -      d5_1
11-Aug-19 11:24:42 - root - INFO -      d5_2
11-Aug-19 11:24:42 - root - INFO -      d5_3
11-Aug-19 11:24:42 - root - INFO -      d6_0
11-Aug-19 11:24:42 - root - INFO -      d6_1
11-Aug-19 11:24:42 - root - INFO -      d6_2
11-Aug-19 11:24:42 - root - INFO -      d6_3
11-Aug-19 11:24:42 - root - INFO -      d7_0
11-Aug-19 11:24:42 - root - INFO -      d7_1
11-Aug-19 11:24:42 - root - INFO -      d7_2
11-Aug-19 11:24:42 - root - INFO -      d7_3
11-Aug-19 11:24:42 - root - INFO -      d8_0
11-Aug-19 11:24:42 - root - INFO -      d8_1
11-Aug-19 11:24:42 - root - INFO -      d8_2
11-Aug-19 11:24:42 - root - INFO -      d8_3
11-Aug-19 11:24:42 - root - INFO -      d9_0
11-Aug-19 11:24:42 - root - INFO -      d9_1
11-Aug-19 11:24:42 - root - INFO -      d9_2
11-Aug-19 11:24:42 - root - INFO -      d9_3
11-Aug-19 11:24:45 - root - INFO - 2JHN features used:
11-Aug-19 11:24:45 - root - INFO -      d0_1
11-Aug-19 11:24:45 - root - INFO -      d0_2
11-Aug-19 11:24:45 - root - INFO -      d0_3
11-Aug-19 11:24:45 - root - INFO -      d1_2
11-Aug-19 11:24:45 - root - INFO -      d1_3
11-Aug-19 11:24:45 - root - INFO -      d2_3
11-Aug-19 11:24:45 - root - INFO -      d4_0
11-Aug-19 11:24:45 - root - INFO -      d4_1
11-Aug-19 11:24:45 - root - INFO -      d4_2
11-Aug-19 11:24:45 - root - INFO -      d4_3
11-Aug-19 11:24:45 - root - INFO -      d5_0
11-Aug-19 11:24:45 - root - INFO -      d5_1
11-Aug-19 11:24:45 - root - INFO -      d5_2
11-Aug-19 11:24:45 - root - INFO -      d5_3
11-Aug-19 11:24:45 - root - INFO -      d6_0
11-Aug-19 11:24:45 - root - INFO -      d6_1
11-Aug-19 11:24:45 - root - INFO -      d6_2
11-Aug-19 11:24:45 - root - INFO -      d6_3
11-Aug-19 11:24:45 - root - INFO -      d7_0
11-Aug-19 11:24:45 - root - INFO -      d7_1
11-Aug-19 11:24:45 - root - INFO -      d7_2
11-Aug-19 11:24:45 - root - INFO -      d7_3
11-Aug-19 11:24:45 - root - INFO -      d8_0
11-Aug-19 11:24:45 - root - INFO -      d8_1
11-Aug-19 11:24:45 - root - INFO -      d8_2
11-Aug-19 11:24:45 - root - INFO -      d8_3
11-Aug-19 11:24:45 - root - INFO -      d9_0
11-Aug-19 11:24:45 - root - INFO -      d9_1
11-Aug-19 11:24:45 - root - INFO -      d9_2
11-Aug-19 11:24:45 - root - INFO -      d9_3
11-Aug-19 11:24:48 - root - INFO - 2JHC features used:
11-Aug-19 11:24:48 - root - INFO -      d0_1
11-Aug-19 11:24:48 - root - INFO -      d0_2
11-Aug-19 11:24:48 - root - INFO -      d0_3
11-Aug-19 11:24:48 - root - INFO -      d1_2
11-Aug-19 11:24:48 - root - INFO -      d1_3
11-Aug-19 11:24:48 - root - INFO -      d2_3
11-Aug-19 11:24:48 - root - INFO -      d4_0
11-Aug-19 11:24:48 - root - INFO -      d4_1
11-Aug-19 11:24:48 - root - INFO -      d4_2
11-Aug-19 11:24:48 - root - INFO -      d4_3
11-Aug-19 11:24:48 - root - INFO -      d5_0
11-Aug-19 11:24:48 - root - INFO -      d5_1
11-Aug-19 11:24:48 - root - INFO -      d5_2
11-Aug-19 11:24:48 - root - INFO -      d5_3
11-Aug-19 11:24:48 - root - INFO -      d6_0
11-Aug-19 11:24:48 - root - INFO -      d6_1
11-Aug-19 11:24:48 - root - INFO -      d6_2
11-Aug-19 11:24:48 - root - INFO -      d6_3
11-Aug-19 11:24:48 - root - INFO -      d7_0
11-Aug-19 11:24:48 - root - INFO -      d7_1
11-Aug-19 11:24:48 - root - INFO -      d7_2
11-Aug-19 11:24:48 - root - INFO -      d7_3
11-Aug-19 11:24:48 - root - INFO -      d8_0
11-Aug-19 11:24:48 - root - INFO -      d8_1
11-Aug-19 11:24:48 - root - INFO -      d8_2
11-Aug-19 11:24:48 - root - INFO -      d8_3
11-Aug-19 11:24:48 - root - INFO -      d9_0
11-Aug-19 11:24:48 - root - INFO -      d9_1
11-Aug-19 11:24:48 - root - INFO -      d9_2
11-Aug-19 11:24:48 - root - INFO -      d9_3
11-Aug-19 11:25:06 - root - INFO - 3JHH features used:
11-Aug-19 11:25:06 - root - INFO -      d0_1
11-Aug-19 11:25:06 - root - INFO -      d0_2
11-Aug-19 11:25:06 - root - INFO -      d0_3
11-Aug-19 11:25:06 - root - INFO -      d1_2
11-Aug-19 11:25:06 - root - INFO -      d1_3
11-Aug-19 11:25:06 - root - INFO -      d2_3
11-Aug-19 11:25:06 - root - INFO -      d4_0
11-Aug-19 11:25:06 - root - INFO -      d4_1
11-Aug-19 11:25:06 - root - INFO -      d4_2
11-Aug-19 11:25:06 - root - INFO -      d4_3
11-Aug-19 11:25:06 - root - INFO -      d5_0
11-Aug-19 11:25:06 - root - INFO -      d5_1
11-Aug-19 11:25:06 - root - INFO -      d5_2
11-Aug-19 11:25:06 - root - INFO -      d5_3
11-Aug-19 11:25:06 - root - INFO -      d6_0
11-Aug-19 11:25:06 - root - INFO -      d6_1
11-Aug-19 11:25:06 - root - INFO -      d6_2
11-Aug-19 11:25:06 - root - INFO -      d6_3
11-Aug-19 11:25:06 - root - INFO -      d7_0
11-Aug-19 11:25:06 - root - INFO -      d7_1
11-Aug-19 11:25:06 - root - INFO -      d7_2
11-Aug-19 11:25:06 - root - INFO -      d7_3
11-Aug-19 11:25:06 - root - INFO -      d8_0
11-Aug-19 11:25:06 - root - INFO -      d8_1
11-Aug-19 11:25:06 - root - INFO -      d8_2
11-Aug-19 11:25:06 - root - INFO -      d8_3
11-Aug-19 11:25:06 - root - INFO -      d9_0
11-Aug-19 11:25:06 - root - INFO -      d9_1
11-Aug-19 11:25:06 - root - INFO -      d9_2
11-Aug-19 11:25:06 - root - INFO -      d9_3
11-Aug-19 11:25:06 - root - INFO -      npaths_3J
11-Aug-19 11:25:06 - root - INFO -      torsion_3J_min
11-Aug-19 11:25:06 - root - INFO -      torsion_3J_max
11-Aug-19 11:25:18 - root - INFO - 3JHC features used:
11-Aug-19 11:25:18 - root - INFO -      d0_1
11-Aug-19 11:25:18 - root - INFO -      d0_2
11-Aug-19 11:25:18 - root - INFO -      d0_3
11-Aug-19 11:25:18 - root - INFO -      d1_2
11-Aug-19 11:25:18 - root - INFO -      d1_3
11-Aug-19 11:25:18 - root - INFO -      d2_3
11-Aug-19 11:25:18 - root - INFO -      d4_0
11-Aug-19 11:25:18 - root - INFO -      d4_1
11-Aug-19 11:25:18 - root - INFO -      d4_2
11-Aug-19 11:25:18 - root - INFO -      d4_3
11-Aug-19 11:25:18 - root - INFO -      d5_0
11-Aug-19 11:25:18 - root - INFO -      d5_1
11-Aug-19 11:25:18 - root - INFO -      d5_2
11-Aug-19 11:25:18 - root - INFO -      d5_3
11-Aug-19 11:25:18 - root - INFO -      d6_0
11-Aug-19 11:25:18 - root - INFO -      d6_1
11-Aug-19 11:25:18 - root - INFO -      d6_2
11-Aug-19 11:25:18 - root - INFO -      d6_3
11-Aug-19 11:25:18 - root - INFO -      d7_0
11-Aug-19 11:25:18 - root - INFO -      d7_1
11-Aug-19 11:25:18 - root - INFO -      d7_2
11-Aug-19 11:25:18 - root - INFO -      d7_3
11-Aug-19 11:25:18 - root - INFO -      d8_0
11-Aug-19 11:25:18 - root - INFO -      d8_1
11-Aug-19 11:25:18 - root - INFO -      d8_2
11-Aug-19 11:25:18 - root - INFO -      d8_3
11-Aug-19 11:25:18 - root - INFO -      d9_0
11-Aug-19 11:25:18 - root - INFO -      d9_1
11-Aug-19 11:25:18 - root - INFO -      d9_2
11-Aug-19 11:25:18 - root - INFO -      d9_3
11-Aug-19 11:25:18 - root - INFO -      npaths_3J
11-Aug-19 11:25:43 - root - INFO - 3JHN features used:
11-Aug-19 11:25:43 - root - INFO -      d0_1
11-Aug-19 11:25:43 - root - INFO -      d0_2
11-Aug-19 11:25:43 - root - INFO -      d0_3
11-Aug-19 11:25:43 - root - INFO -      d1_2
11-Aug-19 11:25:43 - root - INFO -      d1_3
11-Aug-19 11:25:43 - root - INFO -      d2_3
11-Aug-19 11:25:43 - root - INFO -      d4_0
11-Aug-19 11:25:43 - root - INFO -      d4_1
11-Aug-19 11:25:43 - root - INFO -      d4_2
11-Aug-19 11:25:43 - root - INFO -      d4_3
11-Aug-19 11:25:43 - root - INFO -      d5_0
11-Aug-19 11:25:43 - root - INFO -      d5_1
11-Aug-19 11:25:43 - root - INFO -      d5_2
11-Aug-19 11:25:43 - root - INFO -      d5_3
11-Aug-19 11:25:43 - root - INFO -      d6_0
11-Aug-19 11:25:43 - root - INFO -      d6_1
11-Aug-19 11:25:43 - root - INFO -      d6_2
11-Aug-19 11:25:43 - root - INFO -      d6_3
11-Aug-19 11:25:43 - root - INFO -      d7_0
11-Aug-19 11:25:43 - root - INFO -      d7_1
11-Aug-19 11:25:43 - root - INFO -      d7_2
11-Aug-19 11:25:43 - root - INFO -      d7_3
11-Aug-19 11:25:43 - root - INFO -      d8_0
11-Aug-19 11:25:43 - root - INFO -      d8_1
11-Aug-19 11:25:43 - root - INFO -      d8_2
11-Aug-19 11:25:43 - root - INFO -      d8_3
11-Aug-19 11:25:43 - root - INFO -      d9_0
11-Aug-19 11:25:43 - root - INFO -      d9_1
11-Aug-19 11:25:43 - root - INFO -      d9_2
11-Aug-19 11:25:43 - root - INFO -      d9_3
11-Aug-19 11:25:43 - root - INFO -      npaths_3J
11-Aug-19 11:25:47 - root - INFO - 
Final logMAE : -0.7164

11-Aug-19 11:25:47 - root - INFO -      1JHC:0.42934812691522245
11-Aug-19 11:25:47 - root - INFO -      2JHH:-1.072264917887566
11-Aug-19 11:25:47 - root - INFO -      1JHN:-0.6226369167081894
11-Aug-19 11:25:47 - root - INFO -      2JHN:-1.2840064365722736
11-Aug-19 11:25:47 - root - INFO -      2JHC:-0.34251745085737306
11-Aug-19 11:25:47 - root - INFO -      3JHH:-1.0188936100356292
11-Aug-19 11:25:47 - root - INFO -      3JHC:-0.31525400558278666
11-Aug-19 11:25:47 - root - INFO -      3JHN:-1.5052969117136044
