20-Aug-19 21:23:23 - root - INFO - Using feature sets: ['gps_base', 'core_feats_angles', 'cm_unsorted_maxterms_15']
20-Aug-19 21:23:46 - root - INFO - LGB parameters:
20-Aug-19 21:23:46 - root - INFO -      objective:regression
20-Aug-19 21:23:46 - root - INFO -      metric:mae
20-Aug-19 21:23:46 - root - INFO -      verbosity:-1
20-Aug-19 21:23:46 - root - INFO -      boosting_type:gbdt
20-Aug-19 21:23:46 - root - INFO -      learning_rate:0.01
20-Aug-19 21:23:46 - root - INFO -      num_leaves:128
20-Aug-19 21:23:46 - root - INFO -      min_child_samples:100
20-Aug-19 21:23:46 - root - INFO -      n_estimators:10000
20-Aug-19 21:23:46 - root - INFO -      n_jobs:-1
20-Aug-19 21:23:46 - root - INFO - CV params:
20-Aug-19 21:23:46 - root - INFO -      test_size: 0.20
20-Aug-19 21:23:46 - root - INFO - 1JHC features used:
20-Aug-19 21:23:46 - root - INFO -      h.-.-_num
20-Aug-19 21:23:46 - root - INFO -      h.-.-_min
20-Aug-19 21:23:46 - root - INFO -      h.-.-_max
20-Aug-19 21:23:46 - root - INFO -      h.-.-_avg
20-Aug-19 21:23:46 - root - INFO -      -.x.-_num
20-Aug-19 21:23:46 - root - INFO -      -.x.-_min
20-Aug-19 21:23:46 - root - INFO -      -.x.-_max
20-Aug-19 21:23:46 - root - INFO -      -.x.-_avg
20-Aug-19 21:23:46 - root - INFO -      x.-.-_num
20-Aug-19 21:23:46 - root - INFO -      x.-.-_min
20-Aug-19 21:23:46 - root - INFO -      x.-.-_max
20-Aug-19 21:23:46 - root - INFO -      x.-.-_avg
20-Aug-19 21:23:46 - root - INFO -      h.-.-.-_num
20-Aug-19 21:23:46 - root - INFO -      h.-.-.-_min
20-Aug-19 21:23:46 - root - INFO -      h.-.-.-_max
20-Aug-19 21:23:46 - root - INFO -      h.-.-.-_avg
20-Aug-19 21:23:46 - root - INFO -      -.x.-.-_num
20-Aug-19 21:23:46 - root - INFO -      -.x.-.-_min
20-Aug-19 21:23:46 - root - INFO -      -.x.-.-_max
20-Aug-19 21:23:46 - root - INFO -      -.x.-.-_avg
20-Aug-19 21:23:46 - root - INFO -      sorted_CM_0_atom_0
20-Aug-19 21:23:46 - root - INFO -      sorted_CM_1_atom_0
20-Aug-19 21:23:46 - root - INFO -      sorted_CM_2_atom_0
20-Aug-19 21:23:46 - root - INFO -      sorted_CM_3_atom_0
20-Aug-19 21:23:46 - root - INFO -      sorted_CM_4_atom_0
20-Aug-19 21:23:46 - root - INFO -      sorted_CM_5_atom_0
20-Aug-19 21:23:46 - root - INFO -      sorted_CM_6_atom_0
20-Aug-19 21:23:46 - root - INFO -      sorted_CM_7_atom_0
20-Aug-19 21:23:46 - root - INFO -      sorted_CM_8_atom_0
20-Aug-19 21:23:46 - root - INFO -      sorted_CM_9_atom_0
20-Aug-19 21:23:46 - root - INFO -      sorted_CM_10_atom_0
20-Aug-19 21:23:46 - root - INFO -      sorted_CM_11_atom_0
20-Aug-19 21:23:46 - root - INFO -      sorted_CM_12_atom_0
20-Aug-19 21:23:46 - root - INFO -      sorted_CM_13_atom_0
20-Aug-19 21:23:46 - root - INFO -      sorted_CM_14_atom_0
20-Aug-19 21:23:46 - root - INFO -      sorted_CM_0_atom_1
20-Aug-19 21:23:46 - root - INFO -      sorted_CM_1_atom_1
20-Aug-19 21:23:46 - root - INFO -      sorted_CM_2_atom_1
20-Aug-19 21:23:46 - root - INFO -      sorted_CM_3_atom_1
20-Aug-19 21:23:46 - root - INFO -      sorted_CM_4_atom_1
20-Aug-19 21:23:46 - root - INFO -      sorted_CM_5_atom_1
20-Aug-19 21:23:46 - root - INFO -      sorted_CM_6_atom_1
20-Aug-19 21:23:46 - root - INFO -      sorted_CM_7_atom_1
20-Aug-19 21:23:46 - root - INFO -      sorted_CM_8_atom_1
20-Aug-19 21:23:46 - root - INFO -      sorted_CM_9_atom_1
20-Aug-19 21:23:46 - root - INFO -      sorted_CM_10_atom_1
20-Aug-19 21:23:46 - root - INFO -      sorted_CM_11_atom_1
20-Aug-19 21:23:46 - root - INFO -      sorted_CM_12_atom_1
20-Aug-19 21:23:46 - root - INFO -      sorted_CM_13_atom_1
20-Aug-19 21:23:46 - root - INFO -      sorted_CM_14_atom_1
20-Aug-19 21:23:46 - root - INFO -      d0_1
20-Aug-19 21:23:46 - root - INFO -      d0_2
20-Aug-19 21:23:46 - root - INFO -      d0_3
20-Aug-19 21:23:46 - root - INFO -      d1_2
20-Aug-19 21:23:46 - root - INFO -      d1_3
20-Aug-19 21:23:46 - root - INFO -      d2_3
20-Aug-19 21:23:46 - root - INFO -      d4_0
20-Aug-19 21:23:46 - root - INFO -      d4_1
20-Aug-19 21:23:46 - root - INFO -      d4_2
20-Aug-19 21:23:46 - root - INFO -      d4_3
20-Aug-19 21:23:46 - root - INFO -      d5_0
20-Aug-19 21:23:46 - root - INFO -      d5_1
20-Aug-19 21:23:46 - root - INFO -      d5_2
20-Aug-19 21:23:46 - root - INFO -      d5_3
20-Aug-19 21:23:46 - root - INFO -      d6_0
20-Aug-19 21:23:46 - root - INFO -      d6_1
20-Aug-19 21:23:46 - root - INFO -      d6_2
20-Aug-19 21:23:46 - root - INFO -      d6_3
20-Aug-19 21:23:46 - root - INFO -      d7_0
20-Aug-19 21:23:46 - root - INFO -      d7_1
20-Aug-19 21:23:46 - root - INFO -      d7_2
20-Aug-19 21:23:46 - root - INFO -      d7_3
20-Aug-19 21:23:46 - root - INFO -      d8_0
20-Aug-19 21:23:46 - root - INFO -      d8_1
20-Aug-19 21:23:46 - root - INFO -      d8_2
20-Aug-19 21:23:46 - root - INFO -      d8_3
20-Aug-19 21:23:46 - root - INFO -      d9_0
20-Aug-19 21:23:46 - root - INFO -      d9_1
20-Aug-19 21:23:46 - root - INFO -      d9_2
20-Aug-19 21:23:46 - root - INFO -      d9_3
