13-Aug-19 10:12:51 - root - INFO - Using feature sets: ['gps_base', 'cyl_feats', 'core_feats', 'core_feats_v2', 'cm_unsorted_maxterms_15']
13-Aug-19 10:13:06 - root - INFO - LGB parameters:
13-Aug-19 10:13:06 - root - INFO -      objective:regression
13-Aug-19 10:13:06 - root - INFO -      metric:mae
13-Aug-19 10:13:06 - root - INFO -      verbosity:-1
13-Aug-19 10:13:06 - root - INFO -      boosting_type:gbdt
13-Aug-19 10:13:06 - root - INFO -      learning_rate:0.02
13-Aug-19 10:13:06 - root - INFO -      num_leaves:128
13-Aug-19 10:13:06 - root - INFO -      min_child_samples:80
13-Aug-19 10:13:06 - root - INFO -      n_estimators:500000
13-Aug-19 10:13:06 - root - INFO -      n_jobs:-1
13-Aug-19 10:13:06 - root - INFO - CV params:
13-Aug-19 10:13:06 - root - INFO -      test_size: 0.20
13-Aug-19 10:13:06 - root - INFO - 1JHC features used:
13-Aug-19 10:13:06 - root - INFO -      sorted_CM_0_atom_0
13-Aug-19 10:13:06 - root - INFO -      sorted_CM_1_atom_0
13-Aug-19 10:13:06 - root - INFO -      sorted_CM_2_atom_0
13-Aug-19 10:13:06 - root - INFO -      sorted_CM_3_atom_0
13-Aug-19 10:13:06 - root - INFO -      sorted_CM_4_atom_0
13-Aug-19 10:13:06 - root - INFO -      sorted_CM_5_atom_0
13-Aug-19 10:13:06 - root - INFO -      sorted_CM_6_atom_0
13-Aug-19 10:13:06 - root - INFO -      sorted_CM_7_atom_0
13-Aug-19 10:13:06 - root - INFO -      sorted_CM_8_atom_0
13-Aug-19 10:13:06 - root - INFO -      sorted_CM_9_atom_0
13-Aug-19 10:13:06 - root - INFO -      sorted_CM_10_atom_0
13-Aug-19 10:13:06 - root - INFO -      sorted_CM_11_atom_0
13-Aug-19 10:13:06 - root - INFO -      sorted_CM_12_atom_0
13-Aug-19 10:13:06 - root - INFO -      sorted_CM_13_atom_0
13-Aug-19 10:13:06 - root - INFO -      sorted_CM_14_atom_0
13-Aug-19 10:13:06 - root - INFO -      sorted_CM_0_atom_1
13-Aug-19 10:13:06 - root - INFO -      sorted_CM_1_atom_1
13-Aug-19 10:13:06 - root - INFO -      sorted_CM_2_atom_1
13-Aug-19 10:13:06 - root - INFO -      sorted_CM_3_atom_1
13-Aug-19 10:13:06 - root - INFO -      sorted_CM_4_atom_1
13-Aug-19 10:13:06 - root - INFO -      sorted_CM_5_atom_1
13-Aug-19 10:13:06 - root - INFO -      sorted_CM_6_atom_1
13-Aug-19 10:13:06 - root - INFO -      sorted_CM_7_atom_1
13-Aug-19 10:13:06 - root - INFO -      sorted_CM_8_atom_1
13-Aug-19 10:13:06 - root - INFO -      sorted_CM_9_atom_1
13-Aug-19 10:13:06 - root - INFO -      sorted_CM_10_atom_1
13-Aug-19 10:13:06 - root - INFO -      sorted_CM_11_atom_1
13-Aug-19 10:13:06 - root - INFO -      sorted_CM_12_atom_1
13-Aug-19 10:13:06 - root - INFO -      sorted_CM_13_atom_1
13-Aug-19 10:13:06 - root - INFO -      sorted_CM_14_atom_1
13-Aug-19 10:13:06 - root - INFO -      d0_1
13-Aug-19 10:13:06 - root - INFO -      d0_2
13-Aug-19 10:13:06 - root - INFO -      d0_3
13-Aug-19 10:13:06 - root - INFO -      d1_2
13-Aug-19 10:13:06 - root - INFO -      d1_3
13-Aug-19 10:13:06 - root - INFO -      d2_3
13-Aug-19 10:13:06 - root - INFO -      d4_0
13-Aug-19 10:13:06 - root - INFO -      d4_1
13-Aug-19 10:13:06 - root - INFO -      d4_2
13-Aug-19 10:13:06 - root - INFO -      d4_3
13-Aug-19 10:13:06 - root - INFO -      d5_0
13-Aug-19 10:13:06 - root - INFO -      d5_1
13-Aug-19 10:13:06 - root - INFO -      d5_2
13-Aug-19 10:13:06 - root - INFO -      d5_3
13-Aug-19 10:13:06 - root - INFO -      d6_0
13-Aug-19 10:13:06 - root - INFO -      d6_1
13-Aug-19 10:13:06 - root - INFO -      d6_2
13-Aug-19 10:13:06 - root - INFO -      d6_3
13-Aug-19 10:13:06 - root - INFO -      d7_0
13-Aug-19 10:13:06 - root - INFO -      d7_1
13-Aug-19 10:13:06 - root - INFO -      d7_2
13-Aug-19 10:13:06 - root - INFO -      d7_3
13-Aug-19 10:13:06 - root - INFO -      d8_0
13-Aug-19 10:13:06 - root - INFO -      d8_1
13-Aug-19 10:13:06 - root - INFO -      d8_2
13-Aug-19 10:13:06 - root - INFO -      d8_3
13-Aug-19 10:13:06 - root - INFO -      d9_0
13-Aug-19 10:13:06 - root - INFO -      d9_1
13-Aug-19 10:13:06 - root - INFO -      d9_2
13-Aug-19 10:13:06 - root - INFO -      d9_3
13-Aug-19 10:13:06 - root - INFO -      geminal_angle
13-Aug-19 10:13:06 - root - INFO -      all_x_pivot_angles_min
13-Aug-19 10:13:06 - root - INFO -      all_x_pivot_angles_max
13-Aug-19 10:13:06 - root - INFO -      all_x_pivot_angles_avg
13-Aug-19 10:13:06 - root - INFO -      all_y_pivot_angles_min
13-Aug-19 10:13:06 - root - INFO -      all_y_pivot_angles_max
13-Aug-19 10:13:06 - root - INFO -      all_y_pivot_angles_avg
