11-Aug-19 18:47:24 - root - INFO - Using feature sets: ['gps_base', 'core_feats', 'cm_unsorted_maxterms_15']
11-Aug-19 18:47:45 - root - INFO - LGB parameters:
11-Aug-19 18:47:45 - root - INFO -      objective:huber
11-Aug-19 18:47:45 - root - INFO -      metric:mae
11-Aug-19 18:47:45 - root - INFO -      verbosity:-1
11-Aug-19 18:47:45 - root - INFO -      boosting_type:gbdt
11-Aug-19 18:47:45 - root - INFO -      learning_rate:0.05
11-Aug-19 18:47:45 - root - INFO -      num_leaves:128
11-Aug-19 18:47:45 - root - INFO -      min_child_samples:80
11-Aug-19 18:47:45 - root - INFO -      n_estimators:500
11-Aug-19 18:47:45 - root - INFO -      n_jobs:-1
11-Aug-19 18:47:45 - root - INFO - CV params:
11-Aug-19 18:47:45 - root - INFO -      test_size: 0.20
11-Aug-19 18:47:45 - root - INFO - 1JHC features used:
11-Aug-19 18:47:45 - root - INFO -      path_n_rings
11-Aug-19 18:47:45 - root - INFO -      max_path_ring_size
11-Aug-19 18:47:45 - root - INFO -      max_path_num_rings
11-Aug-19 18:47:45 - root - INFO -      sorted_CM_0_atom_0
11-Aug-19 18:47:45 - root - INFO -      sorted_CM_1_atom_0
11-Aug-19 18:47:45 - root - INFO -      sorted_CM_2_atom_0
11-Aug-19 18:47:45 - root - INFO -      sorted_CM_3_atom_0
11-Aug-19 18:47:45 - root - INFO -      sorted_CM_4_atom_0
11-Aug-19 18:47:45 - root - INFO -      sorted_CM_5_atom_0
11-Aug-19 18:47:45 - root - INFO -      sorted_CM_6_atom_0
11-Aug-19 18:47:45 - root - INFO -      sorted_CM_7_atom_0
11-Aug-19 18:47:45 - root - INFO -      sorted_CM_8_atom_0
11-Aug-19 18:47:45 - root - INFO -      sorted_CM_9_atom_0
11-Aug-19 18:47:45 - root - INFO -      sorted_CM_10_atom_0
11-Aug-19 18:47:45 - root - INFO -      sorted_CM_11_atom_0
11-Aug-19 18:47:45 - root - INFO -      sorted_CM_12_atom_0
11-Aug-19 18:47:45 - root - INFO -      sorted_CM_13_atom_0
11-Aug-19 18:47:45 - root - INFO -      sorted_CM_14_atom_0
11-Aug-19 18:47:45 - root - INFO -      sorted_CM_0_atom_1
11-Aug-19 18:47:45 - root - INFO -      sorted_CM_1_atom_1
11-Aug-19 18:47:45 - root - INFO -      sorted_CM_2_atom_1
11-Aug-19 18:47:45 - root - INFO -      sorted_CM_3_atom_1
11-Aug-19 18:47:45 - root - INFO -      sorted_CM_4_atom_1
11-Aug-19 18:47:45 - root - INFO -      sorted_CM_5_atom_1
11-Aug-19 18:47:45 - root - INFO -      sorted_CM_6_atom_1
11-Aug-19 18:47:45 - root - INFO -      sorted_CM_7_atom_1
11-Aug-19 18:47:45 - root - INFO -      sorted_CM_8_atom_1
11-Aug-19 18:47:45 - root - INFO -      sorted_CM_9_atom_1
11-Aug-19 18:47:45 - root - INFO -      sorted_CM_10_atom_1
11-Aug-19 18:47:45 - root - INFO -      sorted_CM_11_atom_1
11-Aug-19 18:47:45 - root - INFO -      sorted_CM_12_atom_1
11-Aug-19 18:47:45 - root - INFO -      sorted_CM_13_atom_1
11-Aug-19 18:47:45 - root - INFO -      sorted_CM_14_atom_1
11-Aug-19 18:47:45 - root - INFO -      d0_1
11-Aug-19 18:47:45 - root - INFO -      d0_2
11-Aug-19 18:47:45 - root - INFO -      d0_3
11-Aug-19 18:47:45 - root - INFO -      d1_2
11-Aug-19 18:47:45 - root - INFO -      d1_3
11-Aug-19 18:47:45 - root - INFO -      d2_3
11-Aug-19 18:47:45 - root - INFO -      d4_0
11-Aug-19 18:47:45 - root - INFO -      d4_1
11-Aug-19 18:47:45 - root - INFO -      d4_2
11-Aug-19 18:47:45 - root - INFO -      d4_3
11-Aug-19 18:47:45 - root - INFO -      d5_0
11-Aug-19 18:47:45 - root - INFO -      d5_1
11-Aug-19 18:47:45 - root - INFO -      d5_2
11-Aug-19 18:47:45 - root - INFO -      d5_3
11-Aug-19 18:47:45 - root - INFO -      d6_0
11-Aug-19 18:47:45 - root - INFO -      d6_1
11-Aug-19 18:47:45 - root - INFO -      d6_2
11-Aug-19 18:47:45 - root - INFO -      d6_3
11-Aug-19 18:47:45 - root - INFO -      d7_0
11-Aug-19 18:47:45 - root - INFO -      d7_1
11-Aug-19 18:47:45 - root - INFO -      d7_2
11-Aug-19 18:47:45 - root - INFO -      d7_3
11-Aug-19 18:47:45 - root - INFO -      d8_0
11-Aug-19 18:47:45 - root - INFO -      d8_1
11-Aug-19 18:47:45 - root - INFO -      d8_2
11-Aug-19 18:47:45 - root - INFO -      d8_3
11-Aug-19 18:47:45 - root - INFO -      d9_0
11-Aug-19 18:47:45 - root - INFO -      d9_1
11-Aug-19 18:47:45 - root - INFO -      d9_2
11-Aug-19 18:47:45 - root - INFO -      d9_3
