20-Aug-19 20:33:11 - root - INFO - Using feature sets: ['gps_base', 'core_feats_angles', 'cm_unsorted_maxterms_15', 'g2_g4_v2_0_r1.50', 'g2_g4_v2_0_r3.00']
20-Aug-19 20:34:45 - root - INFO - LGB parameters:
20-Aug-19 20:34:45 - root - INFO -      objective:regression
20-Aug-19 20:34:45 - root - INFO -      metric:mae
20-Aug-19 20:34:45 - root - INFO -      verbosity:-1
20-Aug-19 20:34:45 - root - INFO -      boosting_type:gbdt
20-Aug-19 20:34:45 - root - INFO -      learning_rate:0.2
20-Aug-19 20:34:45 - root - INFO -      num_leaves:128
20-Aug-19 20:34:45 - root - INFO -      min_child_samples:80
20-Aug-19 20:34:45 - root - INFO -      n_estimators:1500
20-Aug-19 20:34:45 - root - INFO -      n_jobs:-1
20-Aug-19 20:34:45 - root - INFO - CV params:
20-Aug-19 20:34:45 - root - INFO -      test_size: 0.20
20-Aug-19 20:36:51 - root - INFO - 1JHC features used:
20-Aug-19 20:36:51 - root - INFO -      H_g1
20-Aug-19 20:36:51 - root - INFO -      H_g2_0
20-Aug-19 20:36:51 - root - INFO -      H_g2_1
20-Aug-19 20:36:51 - root - INFO -      H_g2_2
20-Aug-19 20:36:51 - root - INFO -      H_g4_0
20-Aug-19 20:36:51 - root - INFO -      H_g4_1
20-Aug-19 20:36:51 - root - INFO -      H_g4_2
20-Aug-19 20:36:51 - root - INFO -      H_g4_3
20-Aug-19 20:36:51 - root - INFO -      H_g4_4
20-Aug-19 20:36:51 - root - INFO -      H_g4_5
20-Aug-19 20:36:51 - root - INFO -      H_g4_6
20-Aug-19 20:36:51 - root - INFO -      H_g4_7
20-Aug-19 20:36:51 - root - INFO -      H_g4_8
20-Aug-19 20:36:51 - root - INFO -      H_g4_9
20-Aug-19 20:36:51 - root - INFO -      H_g4_10
20-Aug-19 20:36:51 - root - INFO -      H_g4_11
20-Aug-19 20:36:51 - root - INFO -      C_g1
20-Aug-19 20:36:51 - root - INFO -      C_g2_0
20-Aug-19 20:36:51 - root - INFO -      C_g2_1
20-Aug-19 20:36:51 - root - INFO -      C_g2_2
20-Aug-19 20:36:51 - root - INFO -      C_g4_0
20-Aug-19 20:36:51 - root - INFO -      C_g4_1
20-Aug-19 20:36:51 - root - INFO -      C_g4_2
20-Aug-19 20:36:51 - root - INFO -      C_g4_3
20-Aug-19 20:36:51 - root - INFO -      C_g4_4
20-Aug-19 20:36:51 - root - INFO -      C_g4_5
20-Aug-19 20:36:51 - root - INFO -      C_g4_6
20-Aug-19 20:36:51 - root - INFO -      C_g4_7
20-Aug-19 20:36:51 - root - INFO -      C_g4_8
20-Aug-19 20:36:51 - root - INFO -      C_g4_9
20-Aug-19 20:36:51 - root - INFO -      C_g4_10
20-Aug-19 20:36:51 - root - INFO -      C_g4_11
20-Aug-19 20:36:51 - root - INFO -      N_g1
20-Aug-19 20:36:51 - root - INFO -      N_g2_0
20-Aug-19 20:36:51 - root - INFO -      N_g2_1
20-Aug-19 20:36:51 - root - INFO -      N_g2_2
20-Aug-19 20:36:51 - root - INFO -      N_g4_0
20-Aug-19 20:36:51 - root - INFO -      N_g4_1
20-Aug-19 20:36:51 - root - INFO -      N_g4_2
20-Aug-19 20:36:51 - root - INFO -      N_g4_3
20-Aug-19 20:36:51 - root - INFO -      N_g4_4
20-Aug-19 20:36:51 - root - INFO -      N_g4_5
20-Aug-19 20:36:51 - root - INFO -      N_g4_6
20-Aug-19 20:36:51 - root - INFO -      N_g4_7
20-Aug-19 20:36:51 - root - INFO -      N_g4_8
20-Aug-19 20:36:51 - root - INFO -      N_g4_9
20-Aug-19 20:36:51 - root - INFO -      N_g4_10
20-Aug-19 20:36:51 - root - INFO -      N_g4_11
20-Aug-19 20:36:51 - root - INFO -      O_g1
20-Aug-19 20:36:51 - root - INFO -      O_g2_0
20-Aug-19 20:36:51 - root - INFO -      O_g2_1
20-Aug-19 20:36:51 - root - INFO -      O_g2_2
20-Aug-19 20:36:51 - root - INFO -      O_g4_0
20-Aug-19 20:36:51 - root - INFO -      O_g4_1
20-Aug-19 20:36:51 - root - INFO -      O_g4_2
20-Aug-19 20:36:51 - root - INFO -      O_g4_3
20-Aug-19 20:36:51 - root - INFO -      O_g4_4
20-Aug-19 20:36:51 - root - INFO -      O_g4_5
20-Aug-19 20:36:51 - root - INFO -      O_g4_6
20-Aug-19 20:36:51 - root - INFO -      O_g4_7
20-Aug-19 20:36:51 - root - INFO -      O_g4_8
20-Aug-19 20:36:51 - root - INFO -      O_g4_9
20-Aug-19 20:36:51 - root - INFO -      O_g4_10
20-Aug-19 20:36:51 - root - INFO -      O_g4_11
20-Aug-19 20:36:51 - root - INFO -      F_g1
20-Aug-19 20:36:51 - root - INFO -      F_g2_0
20-Aug-19 20:36:51 - root - INFO -      F_g2_1
20-Aug-19 20:36:51 - root - INFO -      F_g2_2
20-Aug-19 20:36:51 - root - INFO -      F_g4_0
20-Aug-19 20:36:51 - root - INFO -      F_g4_1
20-Aug-19 20:36:51 - root - INFO -      F_g4_2
20-Aug-19 20:36:51 - root - INFO -      F_g4_3
20-Aug-19 20:36:51 - root - INFO -      F_g4_4
20-Aug-19 20:36:51 - root - INFO -      F_g4_5
20-Aug-19 20:36:51 - root - INFO -      F_g4_6
20-Aug-19 20:36:51 - root - INFO -      F_g4_7
20-Aug-19 20:36:51 - root - INFO -      F_g4_8
20-Aug-19 20:36:51 - root - INFO -      F_g4_9
20-Aug-19 20:36:51 - root - INFO -      F_g4_10
20-Aug-19 20:36:51 - root - INFO -      F_g4_11
20-Aug-19 20:36:51 - root - INFO -      h.-.-_num
20-Aug-19 20:36:51 - root - INFO -      h.-.-_min
20-Aug-19 20:36:51 - root - INFO -      h.-.-_max
20-Aug-19 20:36:51 - root - INFO -      h.-.-_avg
20-Aug-19 20:36:51 - root - INFO -      -.x.-_num
20-Aug-19 20:36:51 - root - INFO -      -.x.-_min
20-Aug-19 20:36:51 - root - INFO -      -.x.-_max
20-Aug-19 20:36:51 - root - INFO -      -.x.-_avg
20-Aug-19 20:36:51 - root - INFO -      x.-.-_num
20-Aug-19 20:36:51 - root - INFO -      x.-.-_min
20-Aug-19 20:36:51 - root - INFO -      x.-.-_max
20-Aug-19 20:36:51 - root - INFO -      x.-.-_avg
20-Aug-19 20:36:51 - root - INFO -      h.-.-.-_num
20-Aug-19 20:36:51 - root - INFO -      h.-.-.-_min
20-Aug-19 20:36:51 - root - INFO -      h.-.-.-_max
20-Aug-19 20:36:51 - root - INFO -      h.-.-.-_avg
20-Aug-19 20:36:51 - root - INFO -      -.x.-.-_num
20-Aug-19 20:36:51 - root - INFO -      -.x.-.-_min
20-Aug-19 20:36:51 - root - INFO -      -.x.-.-_max
20-Aug-19 20:36:51 - root - INFO -      -.x.-.-_avg
20-Aug-19 20:36:51 - root - INFO -      sorted_CM_0_atom_0
20-Aug-19 20:36:51 - root - INFO -      sorted_CM_1_atom_0
20-Aug-19 20:36:51 - root - INFO -      sorted_CM_2_atom_0
20-Aug-19 20:36:51 - root - INFO -      sorted_CM_3_atom_0
20-Aug-19 20:36:51 - root - INFO -      sorted_CM_4_atom_0
20-Aug-19 20:36:51 - root - INFO -      sorted_CM_5_atom_0
20-Aug-19 20:36:51 - root - INFO -      sorted_CM_6_atom_0
20-Aug-19 20:36:51 - root - INFO -      sorted_CM_7_atom_0
20-Aug-19 20:36:51 - root - INFO -      sorted_CM_8_atom_0
20-Aug-19 20:36:51 - root - INFO -      sorted_CM_9_atom_0
20-Aug-19 20:36:51 - root - INFO -      sorted_CM_10_atom_0
20-Aug-19 20:36:51 - root - INFO -      sorted_CM_11_atom_0
20-Aug-19 20:36:51 - root - INFO -      sorted_CM_12_atom_0
20-Aug-19 20:36:51 - root - INFO -      sorted_CM_13_atom_0
20-Aug-19 20:36:51 - root - INFO -      sorted_CM_14_atom_0
20-Aug-19 20:36:51 - root - INFO -      sorted_CM_0_atom_1
20-Aug-19 20:36:51 - root - INFO -      sorted_CM_1_atom_1
20-Aug-19 20:36:51 - root - INFO -      sorted_CM_2_atom_1
20-Aug-19 20:36:51 - root - INFO -      sorted_CM_3_atom_1
20-Aug-19 20:36:51 - root - INFO -      sorted_CM_4_atom_1
20-Aug-19 20:36:51 - root - INFO -      sorted_CM_5_atom_1
20-Aug-19 20:36:51 - root - INFO -      sorted_CM_6_atom_1
20-Aug-19 20:36:51 - root - INFO -      sorted_CM_7_atom_1
20-Aug-19 20:36:51 - root - INFO -      sorted_CM_8_atom_1
20-Aug-19 20:36:51 - root - INFO -      sorted_CM_9_atom_1
20-Aug-19 20:36:51 - root - INFO -      sorted_CM_10_atom_1
20-Aug-19 20:36:51 - root - INFO -      sorted_CM_11_atom_1
20-Aug-19 20:36:51 - root - INFO -      sorted_CM_12_atom_1
20-Aug-19 20:36:51 - root - INFO -      sorted_CM_13_atom_1
20-Aug-19 20:36:51 - root - INFO -      sorted_CM_14_atom_1
20-Aug-19 20:36:51 - root - INFO -      d0_1
20-Aug-19 20:36:51 - root - INFO -      d0_2
20-Aug-19 20:36:51 - root - INFO -      d0_3
20-Aug-19 20:36:51 - root - INFO -      d1_2
20-Aug-19 20:36:51 - root - INFO -      d1_3
20-Aug-19 20:36:51 - root - INFO -      d2_3
20-Aug-19 20:36:51 - root - INFO -      d4_0
20-Aug-19 20:36:51 - root - INFO -      d4_1
20-Aug-19 20:36:51 - root - INFO -      d4_2
20-Aug-19 20:36:51 - root - INFO -      d4_3
20-Aug-19 20:36:51 - root - INFO -      d5_0
20-Aug-19 20:36:51 - root - INFO -      d5_1
20-Aug-19 20:36:51 - root - INFO -      d5_2
20-Aug-19 20:36:51 - root - INFO -      d5_3
20-Aug-19 20:36:51 - root - INFO -      d6_0
20-Aug-19 20:36:51 - root - INFO -      d6_1
20-Aug-19 20:36:51 - root - INFO -      d6_2
20-Aug-19 20:36:51 - root - INFO -      d6_3
20-Aug-19 20:36:51 - root - INFO -      d7_0
20-Aug-19 20:36:51 - root - INFO -      d7_1
20-Aug-19 20:36:51 - root - INFO -      d7_2
20-Aug-19 20:36:51 - root - INFO -      d7_3
20-Aug-19 20:36:51 - root - INFO -      d8_0
20-Aug-19 20:36:51 - root - INFO -      d8_1
20-Aug-19 20:36:51 - root - INFO -      d8_2
20-Aug-19 20:36:51 - root - INFO -      d8_3
20-Aug-19 20:36:51 - root - INFO -      d9_0
20-Aug-19 20:36:51 - root - INFO -      d9_1
20-Aug-19 20:36:51 - root - INFO -      d9_2
20-Aug-19 20:36:51 - root - INFO -      d9_3
