21-Aug-19 00:12:26 - root - INFO - Using feature sets: ['gps_base', 'core_feats_angles', 'core_feats_angles_cos', 'cm_unsorted_maxterms_15']
21-Aug-19 00:14:27 - root - INFO - LGB parameters:
21-Aug-19 00:14:27 - root - INFO -      objective:regression
21-Aug-19 00:14:27 - root - INFO -      metric:mae
21-Aug-19 00:14:27 - root - INFO -      verbosity:-1
21-Aug-19 00:14:27 - root - INFO -      boosting_type:gbdt
21-Aug-19 00:14:27 - root - INFO -      learning_rate:0.2
21-Aug-19 00:14:27 - root - INFO -      num_leaves:128
21-Aug-19 00:14:27 - root - INFO -      min_child_samples:80
21-Aug-19 00:14:27 - root - INFO -      n_estimators:1500
21-Aug-19 00:14:27 - root - INFO -      n_jobs:-1
21-Aug-19 00:14:27 - root - INFO - CV params:
21-Aug-19 00:14:27 - root - INFO -      test_size: 0.20
21-Aug-19 00:14:27 - root - INFO - 1JHC features used:
21-Aug-19 00:14:27 - root - INFO -      cos_h.-.-_num
21-Aug-19 00:14:27 - root - INFO -      cos_h.-.-_min
21-Aug-19 00:14:27 - root - INFO -      cos_h.-.-_max
21-Aug-19 00:14:27 - root - INFO -      cos_h.-.-_avg
21-Aug-19 00:14:27 - root - INFO -      cos_-.x.-_num
21-Aug-19 00:14:27 - root - INFO -      cos_-.x.-_min
21-Aug-19 00:14:27 - root - INFO -      cos_-.x.-_max
21-Aug-19 00:14:27 - root - INFO -      cos_-.x.-_avg
21-Aug-19 00:14:27 - root - INFO -      cos_x.-.-_num
21-Aug-19 00:14:27 - root - INFO -      cos_x.-.-_min
21-Aug-19 00:14:27 - root - INFO -      cos_x.-.-_max
21-Aug-19 00:14:27 - root - INFO -      cos_x.-.-_avg
21-Aug-19 00:14:27 - root - INFO -      cos_h.-.-.-_num
21-Aug-19 00:14:27 - root - INFO -      cos_h.-.-.-_min
21-Aug-19 00:14:27 - root - INFO -      cos_h.-.-.-_max
21-Aug-19 00:14:27 - root - INFO -      cos_h.-.-.-_avg
21-Aug-19 00:14:27 - root - INFO -      cos_-.x.-.-_num
21-Aug-19 00:14:27 - root - INFO -      cos_-.x.-.-_min
21-Aug-19 00:14:27 - root - INFO -      cos_-.x.-.-_max
21-Aug-19 00:14:27 - root - INFO -      cos_-.x.-.-_avg
21-Aug-19 00:14:27 - root - INFO -      cos_sorted_CM_0_atom_0
21-Aug-19 00:14:27 - root - INFO -      cos_sorted_CM_1_atom_0
21-Aug-19 00:14:27 - root - INFO -      cos_sorted_CM_2_atom_0
21-Aug-19 00:14:27 - root - INFO -      cos_sorted_CM_3_atom_0
21-Aug-19 00:14:27 - root - INFO -      cos_sorted_CM_4_atom_0
21-Aug-19 00:14:27 - root - INFO -      cos_sorted_CM_5_atom_0
21-Aug-19 00:14:27 - root - INFO -      cos_sorted_CM_6_atom_0
21-Aug-19 00:14:27 - root - INFO -      cos_sorted_CM_7_atom_0
21-Aug-19 00:14:27 - root - INFO -      cos_sorted_CM_8_atom_0
21-Aug-19 00:14:27 - root - INFO -      cos_sorted_CM_9_atom_0
21-Aug-19 00:14:27 - root - INFO -      cos_sorted_CM_10_atom_0
21-Aug-19 00:14:27 - root - INFO -      cos_sorted_CM_11_atom_0
21-Aug-19 00:14:27 - root - INFO -      cos_sorted_CM_12_atom_0
21-Aug-19 00:14:27 - root - INFO -      cos_sorted_CM_13_atom_0
21-Aug-19 00:14:27 - root - INFO -      cos_sorted_CM_14_atom_0
21-Aug-19 00:14:27 - root - INFO -      cos_sorted_CM_0_atom_1
21-Aug-19 00:14:27 - root - INFO -      cos_sorted_CM_1_atom_1
21-Aug-19 00:14:27 - root - INFO -      cos_sorted_CM_2_atom_1
21-Aug-19 00:14:27 - root - INFO -      cos_sorted_CM_3_atom_1
21-Aug-19 00:14:27 - root - INFO -      cos_sorted_CM_4_atom_1
21-Aug-19 00:14:27 - root - INFO -      cos_sorted_CM_5_atom_1
21-Aug-19 00:14:27 - root - INFO -      cos_sorted_CM_6_atom_1
21-Aug-19 00:14:27 - root - INFO -      cos_sorted_CM_7_atom_1
21-Aug-19 00:14:27 - root - INFO -      cos_sorted_CM_8_atom_1
21-Aug-19 00:14:27 - root - INFO -      cos_sorted_CM_9_atom_1
21-Aug-19 00:14:27 - root - INFO -      cos_sorted_CM_10_atom_1
21-Aug-19 00:14:27 - root - INFO -      cos_sorted_CM_11_atom_1
21-Aug-19 00:14:27 - root - INFO -      cos_sorted_CM_12_atom_1
21-Aug-19 00:14:27 - root - INFO -      cos_sorted_CM_13_atom_1
21-Aug-19 00:14:27 - root - INFO -      cos_sorted_CM_14_atom_1
21-Aug-19 00:14:27 - root - INFO -      sorted_CM_0_atom_0
21-Aug-19 00:14:27 - root - INFO -      sorted_CM_1_atom_0
21-Aug-19 00:14:27 - root - INFO -      sorted_CM_2_atom_0
21-Aug-19 00:14:27 - root - INFO -      sorted_CM_3_atom_0
21-Aug-19 00:14:27 - root - INFO -      sorted_CM_4_atom_0
21-Aug-19 00:14:27 - root - INFO -      sorted_CM_5_atom_0
21-Aug-19 00:14:27 - root - INFO -      sorted_CM_6_atom_0
21-Aug-19 00:14:27 - root - INFO -      sorted_CM_7_atom_0
21-Aug-19 00:14:27 - root - INFO -      sorted_CM_8_atom_0
21-Aug-19 00:14:27 - root - INFO -      sorted_CM_9_atom_0
21-Aug-19 00:14:27 - root - INFO -      sorted_CM_10_atom_0
21-Aug-19 00:14:27 - root - INFO -      sorted_CM_11_atom_0
21-Aug-19 00:14:27 - root - INFO -      sorted_CM_12_atom_0
21-Aug-19 00:14:27 - root - INFO -      sorted_CM_13_atom_0
21-Aug-19 00:14:27 - root - INFO -      sorted_CM_14_atom_0
21-Aug-19 00:14:27 - root - INFO -      sorted_CM_0_atom_1
21-Aug-19 00:14:27 - root - INFO -      sorted_CM_1_atom_1
21-Aug-19 00:14:27 - root - INFO -      sorted_CM_2_atom_1
21-Aug-19 00:14:27 - root - INFO -      sorted_CM_3_atom_1
21-Aug-19 00:14:27 - root - INFO -      sorted_CM_4_atom_1
21-Aug-19 00:14:27 - root - INFO -      sorted_CM_5_atom_1
21-Aug-19 00:14:27 - root - INFO -      sorted_CM_6_atom_1
21-Aug-19 00:14:27 - root - INFO -      sorted_CM_7_atom_1
21-Aug-19 00:14:27 - root - INFO -      sorted_CM_8_atom_1
21-Aug-19 00:14:27 - root - INFO -      sorted_CM_9_atom_1
21-Aug-19 00:14:27 - root - INFO -      sorted_CM_10_atom_1
21-Aug-19 00:14:27 - root - INFO -      sorted_CM_11_atom_1
21-Aug-19 00:14:27 - root - INFO -      sorted_CM_12_atom_1
21-Aug-19 00:14:27 - root - INFO -      sorted_CM_13_atom_1
21-Aug-19 00:14:27 - root - INFO -      sorted_CM_14_atom_1
21-Aug-19 00:14:27 - root - INFO -      d0_1
21-Aug-19 00:14:27 - root - INFO -      d0_2
21-Aug-19 00:14:27 - root - INFO -      d0_3
21-Aug-19 00:14:27 - root - INFO -      d1_2
21-Aug-19 00:14:27 - root - INFO -      d1_3
21-Aug-19 00:14:27 - root - INFO -      d2_3
21-Aug-19 00:14:27 - root - INFO -      d4_0
21-Aug-19 00:14:27 - root - INFO -      d4_1
21-Aug-19 00:14:27 - root - INFO -      d4_2
21-Aug-19 00:14:27 - root - INFO -      d4_3
21-Aug-19 00:14:27 - root - INFO -      d5_0
21-Aug-19 00:14:27 - root - INFO -      d5_1
21-Aug-19 00:14:27 - root - INFO -      d5_2
21-Aug-19 00:14:27 - root - INFO -      d5_3
21-Aug-19 00:14:27 - root - INFO -      d6_0
21-Aug-19 00:14:27 - root - INFO -      d6_1
21-Aug-19 00:14:27 - root - INFO -      d6_2
21-Aug-19 00:14:27 - root - INFO -      d6_3
21-Aug-19 00:14:27 - root - INFO -      d7_0
21-Aug-19 00:14:27 - root - INFO -      d7_1
21-Aug-19 00:14:27 - root - INFO -      d7_2
21-Aug-19 00:14:27 - root - INFO -      d7_3
21-Aug-19 00:14:27 - root - INFO -      d8_0
21-Aug-19 00:14:27 - root - INFO -      d8_1
21-Aug-19 00:14:27 - root - INFO -      d8_2
21-Aug-19 00:14:27 - root - INFO -      d8_3
21-Aug-19 00:14:27 - root - INFO -      d9_0
21-Aug-19 00:14:27 - root - INFO -      d9_1
21-Aug-19 00:14:27 - root - INFO -      d9_2
21-Aug-19 00:14:27 - root - INFO -      d9_3
